<?xml version="1.0" encoding="UTF-8" ?>
<testsuite tests="16" failures="0" name="com.cucumber.runner.RunnerTest" time="21.897" errors="0" skipped="0">
  <properties>
[...]
</properties>
  <testcase classname="(e2e) Validate that the response of the pets request is 200((e2e) Validate pets)" name="(e2e) Validate that the response of the pets request is 200(" time="4.679"/>
  <testcase classname="(e2e) Validate that pets are in available status((e2e) Validate pets)" name="(e2e) Validate that pets are in available status(" time="1.325"/>
  <testcase classname="(e2e) Validate post new pet((e2e) Validate pets)" name="(e2e) Validate post new pet(" time="1.785"/>
  <testcase classname="(e2e) Validate update a pet((e2e) Validate pets)" name="(e2e) Validate update a pet(" time="1.345"/>
  <testcase classname="(e2e) Validate delete a pet((e2e) Validate pets)" name="(e2e) Validate delete a pet(" time="1.245"/>
  <testcase classname="(e2e) Validate that the response has the inventory((e2e) Validate store)" name="(e2e) Validate that the response has the inventory(" time="1.245"/>
  <testcase classname="(e2e) Validate that the response has a order((e2e) Validate store)" name="(e2e) Validate that the response has a order(" time="0.675"/>
  <testcase classname="(e2e) Validate that the response has the order by id((e2e) Validate store)" name="(e2e) Validate that the response has the order by id(" time="2.535"/>
  <testcase classname="(e2e) Validate that the response has not the order deleted((e2e) Validate store)" name="(e2e) Validate that the response has not the order deleted(" time="1.575"/>
  <testcase classname="(e2e) Validate post one user((e2e) Validate users)" name="(e2e) Validate post one user(" time="0.688"/>
  <testcase classname="(e2e) Validate post create users with list((e2e) Validate users)" name="(e2e) Validate post create users with list(" time="0.624"/>
  <testcase classname="(e2e) Validate that the response has the new user((e2e) Validate users)" name="(e2e) Validate that the response has the new user(" time="0.56"/>
  <testcase classname="(e2e) Validate login into the system((e2e) Validate users)" name="(e2e) Validate login into the system(" time="0.601"/>
  <testcase classname="(e2e) Validate logout current logged in user session((e2e) Validate users)" name="(e2e) Validate logout current logged in user session(" time="0.581"/>
  <testcase classname="(e2e) Validate updated user((e2e) Validate users)" name="(e2e) Validate updated user(" time="1.155"/>
  <testcase classname="(e2e) Validate deleted user((e2e) Validate users)" name="(e2e) Validate deleted user(" time="1.279"/>
</testsuite>